<?xml version="1.0" encoding="UTF-8"?>
<!-- Generated by org.testng.reporters.JUnitReportReporter -->
<testsuite hostname="LAPTOP-68TH5204" failures="0" tests="16" name="com.testcases.Testcase1" time="78.877" errors="0" timestamp="2023-07-11T17:05:34 IST" skipped="0">
  <testcase classname="com.testcases.Testcase1" name="VerifyTheTextLogin" time="0.453"/>
  <system-out/>
  <testcase classname="com.testcases.Testcase1" name="VerifyLogin" time="2.309"/>
  <system-out/>
  <testcase classname="com.testcases.Testcase1" name="AddFirstName" time="7.839"/>
  <system-out/>
  <testcase classname="com.testcases.Testcase1" name="AddMiddleName" time="0.341"/>
  <system-out/>
  <testcase classname="com.testcases.Testcase1" name="AddLastName" time="4.283"/>
  <system-out/>
  <testcase classname="com.testcases.Testcase1" name="SaveTheDetails" time="4.422"/>
  <system-out/>
  <testcase classname="com.testcases.Testcase1" name="Clickjob" time="1.628"/>
  <system-out/>
  <testcase classname="com.testcases.Testcase1" name="Selectjob" time="8.303"/>
  <system-out/>
  <testcase classname="com.testcases.Testcase1" name="SearchwithEmpName" time="8.092"/>
  <system-out/>
  <testcase classname="com.testcases.Testcase1" name="clickSearch" time="4.662"/>
  <system-out/>
  <testcase classname="com.testcases.Testcase1" name="clikEdit" time="6.168"/>
  <system-out/>
  <testcase classname="com.testcases.Testcase1" name="EditLastName" time="4.266"/>
  <system-out/>
  <testcase classname="com.testcases.Testcase1" name="SaveEditLastName" time="6.176"/>
  <system-out/>
  <testcase classname="com.testcases.Testcase1" name="clickdelete" time="9.283"/>
  <system-out/>
  <testcase classname="com.testcases.Testcase1" name="deleteEmp" time="5.148"/>
  <system-out/>
  <testcase classname="com.testcases.Testcase1" name="LogOut" time="5.504"/>
  <system-out/>
</testsuite> <!-- com.testcases.Testcase1 -->
