<?xml version="1.0" encoding="UTF-8"?>
<!-- Generated by org.testng.reporters.JUnitReportReporter -->
<testsuite hostname="LAPTOP-68TH5204" failures="0" tests="7" name="com.testcases.AddScreenshotsToReport" time="78.733" errors="0" timestamp="2023-07-10T17:26:49 IST" skipped="0">
  <testcase classname="com.testcases.AddScreenshotsToReport" name="VerifyTheTextLogin" time="1.131"/>
  <system-out/>
  <testcase classname="com.testcases.AddScreenshotsToReport" name="VerifyLogin" time="2.843"/>
  <system-out/>
  <testcase classname="com.testcases.AddScreenshotsToReport" name="AddNewEmp" time="26.287"/>
  <system-out/>
  <testcase classname="com.testcases.AddScreenshotsToReport" name="SearchEmp" time="11.458"/>
  <system-out/>
  <testcase classname="com.testcases.AddScreenshotsToReport" name="EditEmp" time="16.457"/>
  <system-out/>
  <testcase classname="com.testcases.AddScreenshotsToReport" name="deleteEmp" time="14.842"/>
  <system-out/>
  <testcase classname="com.testcases.AddScreenshotsToReport" name="LogOut" time="5.715"/>
  <system-out/>
</testsuite> <!-- com.testcases.AddScreenshotsToReport -->
