<?xml version="1.0" encoding="UTF-8"?>
<!-- Generated by org.testng.reporters.JUnitReportReporter -->
<testsuite hostname="LAPTOP-68TH5204" failures="0" tests="7" name="com.testcases.Testcase1" time="76.308" errors="0" timestamp="2023-07-10T17:16:34 IST" skipped="0">
  <testcase classname="com.testcases.Testcase1" name="VerifyTheTextLogin" time="0.887"/>
  <system-out/>
  <testcase classname="com.testcases.Testcase1" name="VerifyLogin" time="2.268"/>
  <system-out/>
  <testcase classname="com.testcases.Testcase1" name="AddNewEmp" time="25.703"/>
  <system-out/>
  <testcase classname="com.testcases.Testcase1" name="SearchEmp" time="11.523"/>
  <system-out/>
  <testcase classname="com.testcases.Testcase1" name="EditEmp" time="16.248"/>
  <system-out/>
  <testcase classname="com.testcases.Testcase1" name="deleteEmp" time="14.134"/>
  <system-out/>
  <testcase classname="com.testcases.Testcase1" name="LogOut" time="5.545"/>
  <system-out/>
</testsuite> <!-- com.testcases.Testcase1 -->
