<?xml version="1.0" encoding="UTF-8"?>
<!-- Generated by org.testng.reporters.JUnitReportReporter -->
<testsuite hostname="LAPTOP-68TH5204" failures="0" tests="16" name="com.testcases.AddScreenshotsToReport" time="82.292" errors="0" timestamp="2023-07-11T17:14:11 IST" skipped="0">
  <testcase classname="com.testcases.AddScreenshotsToReport" name="VerifyTheTextLogin" time="0.746"/>
  <system-out/>
  <testcase classname="com.testcases.AddScreenshotsToReport" name="VerifyLogin" time="2.773"/>
  <system-out/>
  <testcase classname="com.testcases.AddScreenshotsToReport" name="AddFirstName" time="7.440"/>
  <system-out/>
  <testcase classname="com.testcases.AddScreenshotsToReport" name="AddMiddleName" time="0.901"/>
  <system-out/>
  <testcase classname="com.testcases.AddScreenshotsToReport" name="AddLastName" time="4.460"/>
  <system-out/>
  <testcase classname="com.testcases.AddScreenshotsToReport" name="SaveTheDetails" time="4.728"/>
  <system-out/>
  <testcase classname="com.testcases.AddScreenshotsToReport" name="Clickjob" time="2.058"/>
  <system-out/>
  <testcase classname="com.testcases.AddScreenshotsToReport" name="Selectjob" time="8.572"/>
  <system-out/>
  <testcase classname="com.testcases.AddScreenshotsToReport" name="SearchwithEmpName" time="7.086"/>
  <system-out/>
  <testcase classname="com.testcases.AddScreenshotsToReport" name="clickSearch" time="4.999"/>
  <system-out/>
  <testcase classname="com.testcases.AddScreenshotsToReport" name="clikEdit" time="6.633"/>
  <system-out/>
  <testcase classname="com.testcases.AddScreenshotsToReport" name="EditLastName" time="4.480"/>
  <system-out/>
  <testcase classname="com.testcases.AddScreenshotsToReport" name="SaveEditLastName" time="6.905"/>
  <system-out/>
  <testcase classname="com.testcases.AddScreenshotsToReport" name="clickdelete" time="9.253"/>
  <system-out/>
  <testcase classname="com.testcases.AddScreenshotsToReport" name="deleteEmp" time="5.461"/>
  <system-out/>
  <testcase classname="com.testcases.AddScreenshotsToReport" name="LogOut" time="5.797"/>
  <system-out/>
</testsuite> <!-- com.testcases.AddScreenshotsToReport -->
