<?xml version="1.0" encoding="UTF-8"?>
<!-- Generated by org.testng.reporters.JUnitReportReporter -->
<testsuite hostname="JacobzPC" failures="0" tests="20" name="com.testcase.TestCases" time="61.371" errors="0" timestamp="2023-07-07T11:06:11 IST" skipped="0">
  <testcase classname="com.testcase.TestCases" name="verifyNavigation" time="0.681"/>
  <system-out/>
  <testcase classname="com.testcase.TestCases" name="verifyThePageTitle" time="0.207"/>
  <system-out/>
  <testcase classname="com.testcase.TestCases" name="verifyLoginPageIsDisplayedCorrectly" time="1.668"/>
  <system-out/>
  <testcase classname="com.testcase.TestCases" name="LoginWithValidUsernameAndPassword" time="5.693"/>
  <system-out/>
  <testcase classname="com.testcase.TestCases" name="verifyEmployeeAdd" time="13.223"/>
  <system-out/>
  <testcase classname="com.testcase.TestCases" name="verifyTheNationalitiesListDisplayed" time="3.137"/>
  <system-out/>
  <testcase classname="com.testcase.TestCases" name="verifytheLeaveListDisplayed" time="3.404"/>
  <system-out/>
  <testcase classname="com.testcase.TestCases" name="verifyEmployeeSearchListDisplayed" time="3.035"/>
  <system-out/>
  <testcase classname="com.testcase.TestCases" name="VerifyTheVacanciesDisplayed" time="3.186"/>
  <system-out/>
  <testcase classname="com.testcase.TestCases" name="verifyUserInformationDisplayed" time="2.149"/>
  <system-out/>
  <testcase classname="com.testcase.TestCases" name="verifyEmployeeReportDisplayed" time="3.231"/>
  <system-out/>
  <testcase classname="com.testcase.TestCases" name="verifySuccessfulLogout" time="7.606"/>
  <system-out/>
  <testcase classname="com.testcase.TestCases" name="LoginWithInvalidUsernameAndValidPassword" time="1.871"/>
  <system-out/>
  <testcase classname="com.testcase.TestCases" name="LoginWithValidUsernameAndInvalidPassword" time="2.099"/>
  <system-out/>
  <testcase classname="com.testcase.TestCases" name="LoginWithInvalidUsernameAndInvalidPassword" time="1.864"/>
  <system-out/>
  <testcase classname="com.testcase.TestCases" name="LoginWithBlankUsernameAndValidPassword" time="0.679"/>
  <system-out/>
  <testcase classname="com.testcase.TestCases" name="LoginWithValidUsernameAndBlankPassword" time="1.857"/>
  <system-out/>
  <testcase classname="com.testcase.TestCases" name="LoginWithBlankUsernameAndBlankPassword" time="0.654"/>
  <system-out/>
  <testcase classname="com.testcase.TestCases" name="verifyForgotPasswordWithoutUsername" time="1.394"/>
  <system-out/>
  <testcase classname="com.testcase.TestCases" name="verifyForgotPassword" time="3.733"/>
  <system-out/>
</testsuite> <!-- com.testcase.TestCases -->
