<?xml version="1.0" encoding="UTF-8"?>
<!-- Generated by org.testng.reporters.JUnitReportReporter -->
<testsuite hostname="LAPTOP-0RSV639U" failures="0" tests="15" name="com.testcases.HomeTestCases" time="41.656" errors="0" timestamp="2023-07-08T13:43:31 IST" skipped="0">
  <testcase classname="com.testcases.HomeTestCases" name="ViewLoginButton" time="1.342"/>
  <system-out/>
  <testcase classname="com.testcases.HomeTestCases" name="ViewTitle" time="0.174"/>
  <system-out/>
  <testcase classname="com.testcases.HomeTestCases" name="ViewUserPW" time="0.286"/>
  <system-out/>
  <testcase classname="com.testcases.HomeTestCases" name="ClickOnFPassword" time="2.298"/>
  <system-out/>
  <testcase classname="com.testcases.HomeTestCases" name="ClickOnUsername" time="0.130"/>
  <system-out/>
  <testcase classname="com.testcases.HomeTestCases" name="ClickOnPassword" time="0.157"/>
  <system-out/>
  <testcase classname="com.testcases.HomeTestCases" name="ClickOnLogin" time="2.009"/>
  <system-out/>
  <testcase classname="com.testcases.HomeTestCases" name="ViewDashBoard" time="0.202"/>
  <system-out/>
  <testcase classname="com.testcases.HomeTestCases" name="ClickOnSearch" time="2.983"/>
  <system-out/>
  <testcase classname="com.testcases.HomeTestCases" name="ClickOnFirst" time="5.909"/>
  <system-out/>
  <testcase classname="com.testcases.HomeTestCases" name="ClickOnAdd" time="11.090"/>
  <system-out/>
  <testcase classname="com.testcases.HomeTestCases" name="ClickOnESearch" time="6.120"/>
  <system-out/>
  <testcase classname="com.testcases.HomeTestCases" name="ClickOnTime" time="5.542"/>
  <system-out/>
  <testcase classname="com.testcases.HomeTestCases" name="ClickOnImage" time="1.134"/>
  <system-out/>
  <testcase classname="com.testcases.HomeTestCases" name="ClickOnLogout" time="2.280"/>
  <system-out/>
</testsuite> <!-- com.testcases.HomeTestCases -->
