<?xml version="1.0" encoding="UTF-8"?>
<!-- Generated by org.testng.reporters.JUnitReportReporter -->
<testsuite hostname="LAPTOP-0RSV639U" failures="0" tests="15" name="com.testcases.AddScreenshotsToReport" time="46.239" errors="0" timestamp="2023-07-10T19:05:29 IST" skipped="0">
  <testcase classname="com.testcases.AddScreenshotsToReport" name="ViewLoginButton" time="1.540"/>
  <system-out/>
  <testcase classname="com.testcases.AddScreenshotsToReport" name="ViewTitle" time="0.327"/>
  <system-out/>
  <testcase classname="com.testcases.AddScreenshotsToReport" name="ViewUserPW" time="0.524"/>
  <system-out/>
  <testcase classname="com.testcases.AddScreenshotsToReport" name="ClickOnFPassword" time="2.824"/>
  <system-out/>
  <testcase classname="com.testcases.AddScreenshotsToReport" name="ClickOnUsername" time="0.588"/>
  <system-out/>
  <testcase classname="com.testcases.AddScreenshotsToReport" name="ClickOnPassword" time="0.443"/>
  <system-out/>
  <testcase classname="com.testcases.AddScreenshotsToReport" name="ClickOnLogin" time="3.230"/>
  <system-out/>
  <testcase classname="com.testcases.AddScreenshotsToReport" name="ViewDashBoard" time="0.652"/>
  <system-out/>
  <testcase classname="com.testcases.AddScreenshotsToReport" name="ClickOnSearch" time="2.474"/>
  <system-out/>
  <testcase classname="com.testcases.AddScreenshotsToReport" name="ClickOnFirst" time="5.994"/>
  <system-out/>
  <testcase classname="com.testcases.AddScreenshotsToReport" name="ClickOnAdd" time="12.347"/>
  <system-out/>
  <testcase classname="com.testcases.AddScreenshotsToReport" name="ClickOnESearch" time="6.758"/>
  <system-out/>
  <testcase classname="com.testcases.AddScreenshotsToReport" name="ClickOnTime" time="4.681"/>
  <system-out/>
  <testcase classname="com.testcases.AddScreenshotsToReport" name="ClickOnImage" time="1.743"/>
  <system-out/>
  <testcase classname="com.testcases.AddScreenshotsToReport" name="ClickOnLogout" time="2.114"/>
  <system-out/>
</testsuite> <!-- com.testcases.AddScreenshotsToReport -->
