<?xml version="1.0" encoding="UTF-8"?>
<!-- Generated by org.testng.reporters.JUnitReportReporter -->
<testsuite hostname="DESKTOP-2NVDT66" failures="0" tests="21" name="com.smoketestcases.AddScreenshotToReport" time="140.422" errors="0" timestamp="2023-07-09T12:41:48 IST" skipped="0">
  <testcase classname="com.smoketestcases.AddScreenshotToReport" name="ClickOnForgotPassword" time="12.241"/>
  <system-out/>
  <testcase classname="com.smoketestcases.AddScreenshotToReport" name="ClickOnCancelPassword" time="5.479"/>
  <system-out/>
  <testcase classname="com.smoketestcases.AddScreenshotToReport" name="ClickOnReqLogin" time="5.977"/>
  <system-out/>
  <testcase classname="com.smoketestcases.AddScreenshotToReport" name="ClickOnInvalidLogin" time="12.713"/>
  <system-out/>
  <testcase classname="com.smoketestcases.AddScreenshotToReport" name="ClickOnLogin" time="12.246"/>
  <system-out/>
  <testcase classname="com.smoketestcases.AddScreenshotToReport" name="ClickOnSearch" time="5.514"/>
  <system-out/>
  <testcase classname="com.smoketestcases.AddScreenshotToReport" name="ClickOnSearchUser" time="9.772"/>
  <system-out/>
  <testcase classname="com.smoketestcases.AddScreenshotToReport" name="ClickOnAdminEdit" time="5.306"/>
  <system-out/>
  <testcase classname="com.smoketestcases.AddScreenshotToReport" name="ClickOnAdminUserEdit" time="1.926"/>
  <system-out/>
  <testcase classname="com.smoketestcases.AddScreenshotToReport" name="ClickOnAdminAdd" time="9.536"/>
  <system-out/>
  <testcase classname="com.smoketestcases.AddScreenshotToReport" name="ClickOnAddUserSave" time="18.765"/>
  <system-out/>
  <testcase classname="com.smoketestcases.AddScreenshotToReport" name="ClickOnPIM" time="5.985"/>
  <system-out/>
  <testcase classname="com.smoketestcases.AddScreenshotToReport" name="ClickOnAddEmployee" time="3.002"/>
  <system-out/>
  <testcase classname="com.smoketestcases.AddScreenshotToReport" name="ClickOnAddEmployeeSave" time="3.272"/>
  <system-out/>
  <testcase classname="com.smoketestcases.AddScreenshotToReport" name="ClickOnEmployeeReports" time="4.807"/>
  <system-out/>
  <testcase classname="com.smoketestcases.AddScreenshotToReport" name="ClickOnViewReports" time="2.666"/>
  <system-out/>
  <testcase classname="com.smoketestcases.AddScreenshotToReport" name="ClickOnLeave" time="5.926"/>
  <system-out/>
  <testcase classname="com.smoketestcases.AddScreenshotToReport" name="ClickOnTime" time="2.841"/>
  <system-out/>
  <testcase classname="com.smoketestcases.AddScreenshotToReport" name="ClickOnRecruitment" time="2.828"/>
  <system-out/>
  <testcase classname="com.smoketestcases.AddScreenshotToReport" name="ClickOnDashboard" time="4.535"/>
  <system-out/>
  <testcase classname="com.smoketestcases.AddScreenshotToReport" name="ClickOnLogout" time="5.085"/>
  <system-out/>
</testsuite> <!-- com.smoketestcases.AddScreenshotToReport -->
