<?xml version="1.0" encoding="UTF-8"?>
<!-- Generated by org.testng.reporters.JUnitReportReporter -->
<testsuite hostname="DESKTOP-2NVDT66" failures="0" tests="21" name="com.smoketestcases.LoginPageTC" time="88.271" errors="0" timestamp="2023-07-09T02:06:57 IST" skipped="0">
  <testcase classname="com.smoketestcases.LoginPageTC" name="ClickOnForgotPassword" time="4.136"/>
  <system-out/>
  <testcase classname="com.smoketestcases.LoginPageTC" name="ClickOnCancelPassword" time="2.097"/>
  <system-out/>
  <testcase classname="com.smoketestcases.LoginPageTC" name="ClickOnReqLogin" time="0.823"/>
  <system-out/>
  <testcase classname="com.smoketestcases.LoginPageTC" name="ClickOnInvalidLogin" time="3.016"/>
  <system-out/>
  <testcase classname="com.smoketestcases.LoginPageTC" name="ClickOnLogin" time="3.428"/>
  <system-out/>
  <testcase classname="com.smoketestcases.LoginPageTC" name="ClickOnSearch" time="4.374"/>
  <system-out/>
  <testcase classname="com.smoketestcases.LoginPageTC" name="ClickOnSearchUser" time="5.584"/>
  <system-out/>
  <testcase classname="com.smoketestcases.LoginPageTC" name="ClickOnAdminEdit" time="1.902"/>
  <system-out/>
  <testcase classname="com.smoketestcases.LoginPageTC" name="ClickOnAdminUserEdit" time="0.810"/>
  <system-out/>
  <testcase classname="com.smoketestcases.LoginPageTC" name="ClickOnAdminAdd" time="8.301"/>
  <system-out/>
  <testcase classname="com.smoketestcases.LoginPageTC" name="ClickOnAddUserSave" time="19.388"/>
  <system-out/>
  <testcase classname="com.smoketestcases.LoginPageTC" name="ClickOnPIM" time="4.731"/>
  <system-out/>
  <testcase classname="com.smoketestcases.LoginPageTC" name="ClickOnAddEmployee" time="7.053"/>
  <system-out/>
  <testcase classname="com.smoketestcases.LoginPageTC" name="ClickOnAddEmployeeSave" time="3.071"/>
  <system-out/>
  <testcase classname="com.smoketestcases.LoginPageTC" name="ClickOnEmployeeReports" time="2.485"/>
  <system-out/>
  <testcase classname="com.smoketestcases.LoginPageTC" name="ClickOnViewReports" time="2.078"/>
  <system-out/>
  <testcase classname="com.smoketestcases.LoginPageTC" name="ClickOnLeave" time="2.963"/>
  <system-out/>
  <testcase classname="com.smoketestcases.LoginPageTC" name="ClickOnTime" time="2.761"/>
  <system-out/>
  <testcase classname="com.smoketestcases.LoginPageTC" name="ClickOnRecruitment" time="2.923"/>
  <system-out/>
  <testcase classname="com.smoketestcases.LoginPageTC" name="ClickOnDashboard" time="3.318"/>
  <system-out/>
  <testcase classname="com.smoketestcases.LoginPageTC" name="ClickOnLogout" time="3.029"/>
  <system-out/>
</testsuite> <!-- com.smoketestcases.LoginPageTC -->
