<?xml version="1.0" encoding="UTF-8"?>
<!-- Generated by org.testng.reporters.JUnitReportReporter -->
<testsuite hostname="DESKTOP-G99B664" failures="0" tests="20" name="com.testcases.TestCases" time="157.845" errors="0" timestamp="2023-07-07T17:58:57 IST" skipped="0">
  <testcase classname="com.testcases.TestCases" name="loginWithBlankUserName" time="1.683"/>
  <system-out/>
  <testcase classname="com.testcases.TestCases" name="loginWithBlankPassword" time="0.599"/>
  <system-out/>
  <testcase classname="com.testcases.TestCases" name="loginWithInvalidUsername" time="2.123"/>
  <system-out/>
  <testcase classname="com.testcases.TestCases" name="loginWithInvalidPassword" time="2.959"/>
  <system-out/>
  <testcase classname="com.testcases.TestCases" name="loginWithValidUsernameAndPassword" time="2.563"/>
  <system-out/>
  <testcase classname="com.testcases.TestCases" name="clickOnAdminLink" time="2.673"/>
  <system-out/>
  <testcase classname="com.testcases.TestCases" name="clickOnPIMLink" time="2.152"/>
  <system-out/>
  <testcase classname="com.testcases.TestCases" name="clickOnLeaveLink" time="1.942"/>
  <system-out/>
  <testcase classname="com.testcases.TestCases" name="clickOnTimeLink" time="2.121"/>
  <system-out/>
  <testcase classname="com.testcases.TestCases" name="addEmployee" time="12.224"/>
  <system-out/>
  <testcase classname="com.testcases.TestCases" name="searchWithEmployeeName" time="8.061"/>
  <system-out/>
  <testcase classname="com.testcases.TestCases" name="searchWithEmployeeID" time="2.873"/>
  <system-out/>
  <testcase classname="com.testcases.TestCases" name="addUserInAdmin" time="20.662"/>
  <system-out/>
  <testcase classname="com.testcases.TestCases" name="searchUser" time="19.472"/>
  <system-out/>
  <testcase classname="com.testcases.TestCases" name="addJobTitle" time="11.848"/>
  <system-out/>
  <testcase classname="com.testcases.TestCases" name="addJobCategories" time="11.658"/>
  <system-out/>
  <testcase classname="com.testcases.TestCases" name="addSkillQualification" time="11.807"/>
  <system-out/>
  <testcase classname="com.testcases.TestCases" name="addLeaveEntitlement" time="18.740"/>
  <system-out/>
  <testcase classname="com.testcases.TestCases" name="addCandidateForRecruitment" time="19.602"/>
  <system-out/>
  <testcase classname="com.testcases.TestCases" name="searchAndSelectFromMainMenu" time="2.083"/>
  <system-out/>
</testsuite> <!-- com.testcases.TestCases -->
